Build started 8/30/2012 10:04:55 PM.
     1>Project "C:\Users\domo\Desktop\Hack Stuff\ue3framework\trunk\Hooks\Tribes Ascend Hack\TAhook.vcxproj" on node 2 (build target(s)).
     1>InitializeBuildStatus:
         Touching "Release\TAHack.unsuccessfulbuild".
       ClCompile:
         c:\Program Files (x86)\Microsoft Visual Studio 10.0\VC\bin\CL.exe /c /Zi /nologo /W3 /WX- /O2 /Oi /Oy- /GL /D _WINDLL /D _UNICODE /D UNICODE /Gm- /EHsc /MD /GS /Gy /fp:precise /Zc:wchar_t /Zc:forScope /Fo"Release\\" /Fd"Release\vc100.pdb" /Gd /TP /analyze- /errorReport:prompt hook.cpp
         hook.cpp
     1>c:\users\domo\desktop\hack stuff\ue3framework\trunk\hooks\tribes ascend hack\..\Framework\Framework.h(48): error C2143: syntax error : missing ';' before '*'
     1>c:\users\domo\desktop\hack stuff\ue3framework\trunk\hooks\tribes ascend hack\..\Framework\Framework.h(48): error C4430: missing type specifier - int assumed. Note: C++ does not support default-int
     1>c:\users\domo\desktop\hack stuff\ue3framework\trunk\hooks\tribes ascend hack\..\Framework\Framework.h(48): error C4430: missing type specifier - int assumed. Note: C++ does not support default-int
     1>c:\users\domo\desktop\hack stuff\ue3framework\trunk\hooks\tribes ascend hack\..\Framework\Framework.h(49): error C2146: syntax error : missing ';' before identifier 'CurrentLocation'
     1>c:\users\domo\desktop\hack stuff\ue3framework\trunk\hooks\tribes ascend hack\..\Framework\Framework.h(49): error C4430: missing type specifier - int assumed. Note: C++ does not support default-int
     1>c:\users\domo\desktop\hack stuff\ue3framework\trunk\hooks\tribes ascend hack\..\Framework\Framework.h(49): error C4430: missing type specifier - int assumed. Note: C++ does not support default-int
     1>c:\users\domo\desktop\hack stuff\ue3framework\trunk\hooks\tribes ascend hack\..\Framework\Framework.h(50): error C2143: syntax error : missing ';' before '*'
     1>c:\users\domo\desktop\hack stuff\ue3framework\trunk\hooks\tribes ascend hack\..\Framework\Framework.h(50): error C4430: missing type specifier - int assumed. Note: C++ does not support default-int
     1>c:\users\domo\desktop\hack stuff\ue3framework\trunk\hooks\tribes ascend hack\..\Framework\Framework.h(50): error C2086: 'int APawn' : redefinition
                 c:\users\domo\desktop\hack stuff\ue3framework\trunk\hooks\tribes ascend hack\..\Framework\Framework.h(48) : see declaration of 'APawn'
     1>c:\users\domo\desktop\hack stuff\ue3framework\trunk\hooks\tribes ascend hack\..\Framework\Framework.h(50): error C4430: missing type specifier - int assumed. Note: C++ does not support default-int
     1>c:\users\domo\desktop\hack stuff\ue3framework\trunk\hooks\tribes ascend hack\..\Framework\Framework.h(52): error C2146: syntax error : missing ';' before identifier 'CameraLocation'
     1>c:\users\domo\desktop\hack stuff\ue3framework\trunk\hooks\tribes ascend hack\..\Framework\Framework.h(52): error C4430: missing type specifier - int assumed. Note: C++ does not support default-int
     1>c:\users\domo\desktop\hack stuff\ue3framework\trunk\hooks\tribes ascend hack\..\Framework\Framework.h(52): error C2086: 'int FVector' : redefinition
                 c:\users\domo\desktop\hack stuff\ue3framework\trunk\hooks\tribes ascend hack\..\Framework\Framework.h(49) : see declaration of 'FVector'
     1>c:\users\domo\desktop\hack stuff\ue3framework\trunk\hooks\tribes ascend hack\..\Framework\Framework.h(52): error C4430: missing type specifier - int assumed. Note: C++ does not support default-int
     1>c:\users\domo\desktop\hack stuff\ue3framework\trunk\hooks\tribes ascend hack\..\Framework\Framework.h(53): error C2146: syntax error : missing ';' before identifier 'CameraRotation'
     1>c:\users\domo\desktop\hack stuff\ue3framework\trunk\hooks\tribes ascend hack\..\Framework\Framework.h(53): error C4430: missing type specifier - int assumed. Note: C++ does not support default-int
     1>c:\users\domo\desktop\hack stuff\ue3framework\trunk\hooks\tribes ascend hack\..\Framework\Framework.h(53): error C4430: missing type specifier - int assumed. Note: C++ does not support default-int
     1>c:\users\domo\desktop\hack stuff\ue3framework\trunk\hooks\tribes ascend hack\..\Framework\Framework.h(55): error C2143: syntax error : missing ';' before '*'
     1>c:\users\domo\desktop\hack stuff\ue3framework\trunk\hooks\tribes ascend hack\..\Framework\Framework.h(55): error C4430: missing type specifier - int assumed. Note: C++ does not support default-int
     1>c:\users\domo\desktop\hack stuff\ue3framework\trunk\hooks\tribes ascend hack\..\Framework\Framework.h(55): error C4430: missing type specifier - int assumed. Note: C++ does not support default-int
     1>c:\users\domo\desktop\hack stuff\ue3framework\trunk\hooks\tribes ascend hack\..\Framework\Framework.h(56): error C2143: syntax error : missing ';' before '*'
     1>c:\users\domo\desktop\hack stuff\ue3framework\trunk\hooks\tribes ascend hack\..\Framework\Framework.h(56): error C4430: missing type specifier - int assumed. Note: C++ does not support default-int
     1>c:\users\domo\desktop\hack stuff\ue3framework\trunk\hooks\tribes ascend hack\..\Framework\Framework.h(56): error C4430: missing type specifier - int assumed. Note: C++ does not support default-int
     1>c:\users\domo\desktop\hack stuff\ue3framework\trunk\hooks\tribes ascend hack\..\Framework\Framework.h(57): error C2143: syntax error : missing ';' before '*'
     1>c:\users\domo\desktop\hack stuff\ue3framework\trunk\hooks\tribes ascend hack\..\Framework\Framework.h(57): error C4430: missing type specifier - int assumed. Note: C++ does not support default-int
     1>c:\users\domo\desktop\hack stuff\ue3framework\trunk\hooks\tribes ascend hack\..\Framework\Framework.h(57): error C4430: missing type specifier - int assumed. Note: C++ does not support default-int
     1>c:\users\domo\desktop\hack stuff\ue3framework\trunk\hooks\tribes ascend hack\..\Framework\Framework.h(59): error C2143: syntax error : missing ';' before '*'
     1>c:\users\domo\desktop\hack stuff\ue3framework\trunk\hooks\tribes ascend hack\..\Framework\Framework.h(59): error C4430: missing type specifier - int assumed. Note: C++ does not support default-int
     1>c:\users\domo\desktop\hack stuff\ue3framework\trunk\hooks\tribes ascend hack\..\Framework\Framework.h(59): error C4430: missing type specifier - int assumed. Note: C++ does not support default-int
     1>c:\users\domo\desktop\hack stuff\ue3framework\trunk\hooks\tribes ascend hack\..\Framework\Framework.h(60): error C2143: syntax error : missing ';' before '*'
     1>c:\users\domo\desktop\hack stuff\ue3framework\trunk\hooks\tribes ascend hack\..\Framework\Framework.h(60): error C4430: missing type specifier - int assumed. Note: C++ does not support default-int
     1>c:\users\domo\desktop\hack stuff\ue3framework\trunk\hooks\tribes ascend hack\..\Framework\Framework.h(60): error C4430: missing type specifier - int assumed. Note: C++ does not support default-int
     1>c:\users\domo\desktop\hack stuff\ue3framework\trunk\hooks\tribes ascend hack\..\Framework\Framework.h(64): error C4430: missing type specifier - int assumed. Note: C++ does not support default-int
     1>c:\users\domo\desktop\hack stuff\ue3framework\trunk\hooks\tribes ascend hack\..\Framework\Framework.h(64): error C2146: syntax error : missing ';' before identifier 'VectorZero'
     1>c:\users\domo\desktop\hack stuff\ue3framework\trunk\hooks\tribes ascend hack\..\Framework\Framework.h(64): error C2373: 'FVector' : redefinition; different type modifiers
                 c:\users\domo\desktop\hack stuff\ue3framework\trunk\hooks\tribes ascend hack\..\Framework\Framework.h(49) : see declaration of 'FVector'
     1>c:\users\domo\desktop\hack stuff\ue3framework\trunk\hooks\tribes ascend hack\..\Framework\Framework.h(64): error C4430: missing type specifier - int assumed. Note: C++ does not support default-int
     1>c:\users\domo\desktop\hack stuff\ue3framework\trunk\hooks\tribes ascend hack\..\Framework\Framework.h(65): error C4430: missing type specifier - int assumed. Note: C++ does not support default-int
     1>c:\users\domo\desktop\hack stuff\ue3framework\trunk\hooks\tribes ascend hack\..\Framework\Framework.h(65): error C2146: syntax error : missing ';' before identifier 'RotatorZero'
     1>c:\users\domo\desktop\hack stuff\ue3framework\trunk\hooks\tribes ascend hack\..\Framework\Framework.h(65): error C2373: 'FRotator' : redefinition; different type modifiers
                 c:\users\domo\desktop\hack stuff\ue3framework\trunk\hooks\tribes ascend hack\..\Framework\Framework.h(53) : see declaration of 'FRotator'
     1>c:\users\domo\desktop\hack stuff\ue3framework\trunk\hooks\tribes ascend hack\..\Framework\Framework.h(65): error C4430: missing type specifier - int assumed. Note: C++ does not support default-int
     1>c:\users\domo\desktop\hack stuff\ue3framework\trunk\hooks\framework\Renders\CRender.h(7): error C2146: syntax error : missing ';' before identifier 'MakeColor'
     1>c:\users\domo\desktop\hack stuff\ue3framework\trunk\hooks\framework\Renders\CRender.h(7): error C4430: missing type specifier - int assumed. Note: C++ does not support default-int
     1>c:\users\domo\desktop\hack stuff\ue3framework\trunk\hooks\framework\Renders\CRender.h(7): error C4430: missing type specifier - int assumed. Note: C++ does not support default-int
     1>c:\users\domo\desktop\hack stuff\ue3framework\trunk\hooks\framework\Renders\CRender.h(8): error C4430: missing type specifier - int assumed. Note: C++ does not support default-int
     1>c:\users\domo\desktop\hack stuff\ue3framework\trunk\hooks\framework\Renders\CRender.h(15): warning C4183: 'MakeColor': missing return type; assumed to be a member function returning 'int'
     1>c:\users\domo\desktop\hack stuff\ue3framework\trunk\hooks\framework\Renders\CRender.h(95): error C2061: syntax error : identifier 'UCanvas'
     1>c:\users\domo\desktop\hack stuff\ue3framework\trunk\hooks\framework\Renders\CRender.h(129): warning C4067: unexpected tokens following preprocessor directive - expected a newline
     1>c:\users\domo\desktop\hack stuff\ue3framework\trunk\hooks\framework\Renders\CRender.h(167): error C2061: syntax error : identifier 'UCanvas'
     1>c:\users\domo\desktop\hack stuff\ue3framework\trunk\hooks\framework\Renders\CRender.h(181): error C2061: syntax error : identifier 'UCanvas'
     1>c:\users\domo\desktop\hack stuff\ue3framework\trunk\hooks\framework\Renders\CRender.h(201): error C2061: syntax error : identifier 'UCanvas'
     1>c:\users\domo\desktop\hack stuff\ue3framework\trunk\hooks\framework\Renders\CRender.h(9): error C2146: syntax error : missing ';' before identifier 'ReturnedColor'
     1>c:\users\domo\desktop\hack stuff\ue3framework\trunk\hooks\framework\Renders\CRender.h(9): error C2065: 'ReturnedColor' : undeclared identifier
     1>c:\users\domo\desktop\hack stuff\ue3framework\trunk\hooks\framework\Renders\CRender.h(10): error C2065: 'ReturnedColor' : undeclared identifier
     1>c:\users\domo\desktop\hack stuff\ue3framework\trunk\hooks\framework\Renders\CRender.h(10): error C2228: left of '.R' must have class/struct/union
                 type is ''unknown-type''
     1>c:\users\domo\desktop\hack stuff\ue3framework\trunk\hooks\framework\Renders\CRender.h(11): error C2065: 'ReturnedColor' : undeclared identifier
     1>c:\users\domo\desktop\hack stuff\ue3framework\trunk\hooks\framework\Renders\CRender.h(11): error C2228: left of '.G' must have class/struct/union
                 type is ''unknown-type''
     1>c:\users\domo\desktop\hack stuff\ue3framework\trunk\hooks\framework\Renders\CRender.h(12): error C2065: 'ReturnedColor' : undeclared identifier
     1>c:\users\domo\desktop\hack stuff\ue3framework\trunk\hooks\framework\Renders\CRender.h(12): error C2228: left of '.B' must have class/struct/union
                 type is ''unknown-type''
     1>c:\users\domo\desktop\hack stuff\ue3framework\trunk\hooks\framework\Renders\CRender.h(13): error C2065: 'ReturnedColor' : undeclared identifier
     1>c:\users\domo\desktop\hack stuff\ue3framework\trunk\hooks\framework\Renders\CRender.h(13): error C2228: left of '.A' must have class/struct/union
                 type is ''unknown-type''
     1>c:\users\domo\desktop\hack stuff\ue3framework\trunk\hooks\framework\Renders\CRender.h(14): error C2065: 'ReturnedColor' : undeclared identifier
     1>c:\users\domo\desktop\hack stuff\ue3framework\trunk\hooks\framework\Renders\CRender.h(102): error C2065: 'String' : undeclared identifier
     1>c:\users\domo\desktop\hack stuff\ue3framework\trunk\hooks\framework\Renders\CRender.h(102): error C2065: 'String' : undeclared identifier
     1>c:\users\domo\desktop\hack stuff\ue3framework\trunk\hooks\framework\Renders\CRender.h(102): error C2070: ''unknown-type'': illegal sizeof operand
     1>c:\users\domo\desktop\hack stuff\ue3framework\trunk\hooks\framework\Renders\CRender.h(103): error C2065: 'String' : undeclared identifier
     1>c:\users\domo\desktop\hack stuff\ue3framework\trunk\hooks\framework\Renders\CRender.h(106): error C2065: 'Canvas' : undeclared identifier
     1>c:\users\domo\desktop\hack stuff\ue3framework\trunk\hooks\framework\Renders\CRender.h(106): error C2065: 'X' : undeclared identifier
     1>c:\users\domo\desktop\hack stuff\ue3framework\trunk\hooks\framework\Renders\CRender.h(106): error C2065: 'Y' : undeclared identifier
     1>c:\users\domo\desktop\hack stuff\ue3framework\trunk\hooks\framework\Renders\CRender.h(106): error C2065: 'Color' : undeclared identifier
     1>c:\users\domo\desktop\hack stuff\ue3framework\trunk\hooks\framework\Renders\CRender.h(106): error C2065: 'Center' : undeclared identifier
     1>c:\users\domo\desktop\hack stuff\ue3framework\trunk\hooks\framework\Renders\CRender.h(106): error C3861: 'DrawString': identifier not found
     1>c:\users\domo\desktop\hack stuff\ue3framework\trunk\hooks\framework\Renders\CRender.h(169): error C2065: 'pCanvas' : undeclared identifier
     1>c:\users\domo\desktop\hack stuff\ue3framework\trunk\hooks\framework\Renders\CRender.h(169): error C2227: left of '->Draw2DLine' must point to class/struct/union/generic type
                 type is ''unknown-type''
     1>c:\users\domo\desktop\hack stuff\ue3framework\trunk\hooks\framework\Renders\CRender.h(169): error C2065: 'startX' : undeclared identifier
     1>c:\users\domo\desktop\hack stuff\ue3framework\trunk\hooks\framework\Renders\CRender.h(169): error C2065: 'startY' : undeclared identifier
     1>c:\users\domo\desktop\hack stuff\ue3framework\trunk\hooks\framework\Renders\CRender.h(169): error C2065: 'endX' : undeclared identifier
     1>c:\users\domo\desktop\hack stuff\ue3framework\trunk\hooks\framework\Renders\CRender.h(169): error C2065: 'endY' : undeclared identifier
     1>c:\users\domo\desktop\hack stuff\ue3framework\trunk\hooks\framework\Renders\CRender.h(169): error C2065: 'cColor' : undeclared identifier
     1>c:\users\domo\desktop\hack stuff\ue3framework\trunk\hooks\framework\Renders\CRender.h(186): error C2065: 'szText' : undeclared identifier
     1>c:\users\domo\desktop\hack stuff\ue3framework\trunk\hooks\framework\Renders\CRender.h(186): error C2065: 'szText' : undeclared identifier
     1>c:\users\domo\desktop\hack stuff\ue3framework\trunk\hooks\framework\Renders\CRender.h(186): error C2070: ''unknown-type'': illegal sizeof operand
     1>c:\users\domo\desktop\hack stuff\ue3framework\trunk\hooks\framework\Renders\CRender.h(187): error C2065: 'szText' : undeclared identifier
     1>c:\users\domo\desktop\hack stuff\ue3framework\trunk\hooks\framework\Renders\CRender.h(190): error C2065: 'pCanvas' : undeclared identifier
     1>c:\users\domo\desktop\hack stuff\ue3framework\trunk\hooks\framework\Renders\CRender.h(190): error C2065: 'x' : undeclared identifier
     1>c:\users\domo\desktop\hack stuff\ue3framework\trunk\hooks\framework\Renders\CRender.h(190): error C2065: 'y' : undeclared identifier
     1>c:\users\domo\desktop\hack stuff\ue3framework\trunk\hooks\framework\Renders\CRender.h(190): error C2065: 'Color' : undeclared identifier
     1>c:\users\domo\desktop\hack stuff\ue3framework\trunk\hooks\framework\Renders\CRender.h(190): error C3861: 'DrawString': identifier not found
     1>c:\users\domo\desktop\hack stuff\ue3framework\trunk\hooks\framework\Renders\CRender.h(191): error C2065: 'pCanvas' : undeclared identifier
     1>c:\users\domo\desktop\hack stuff\ue3framework\trunk\hooks\framework\Renders\CRender.h(191): error C2065: 'x' : undeclared identifier
     1>c:\users\domo\desktop\hack stuff\ue3framework\trunk\hooks\framework\Renders\CRender.h(191): error C2065: 'y' : undeclared identifier
     1>c:\users\domo\desktop\hack stuff\ue3framework\trunk\hooks\framework\Renders\CRender.h(191): error C2065: 'Color' : undeclared identifier
     1>c:\users\domo\desktop\hack stuff\ue3framework\trunk\hooks\framework\Renders\CRender.h(191): error C3861: 'DrawString': identifier not found
     1>c:\users\domo\desktop\hack stuff\ue3framework\trunk\hooks\framework\Renders\CRender.h(192): error C2065: 'pCanvas' : undeclared identifier
     1>c:\users\domo\desktop\hack stuff\ue3framework\trunk\hooks\framework\Renders\CRender.h(192): error C2065: 'x' : undeclared identifier
     1>c:\users\domo\desktop\hack stuff\ue3framework\trunk\hooks\framework\Renders\CRender.h(192): error C2065: 'y' : undeclared identifier
     1>c:\users\domo\desktop\hack stuff\ue3framework\trunk\hooks\framework\Renders\CRender.h(192): error C2065: 'Color' : undeclared identifier
     1>c:\users\domo\desktop\hack stuff\ue3framework\trunk\hooks\framework\Renders\CRender.h(192): error C3861: 'DrawString': identifier not found
     1>c:\users\domo\desktop\hack stuff\ue3framework\trunk\hooks\framework\Renders\CRender.h(193): error C2065: 'pCanvas' : undeclared identifier
     1>c:\users\domo\desktop\hack stuff\ue3framework\trunk\hooks\framework\Renders\CRender.h(193): error C2065: 'x' : undeclared identifier
     1>c:\users\domo\desktop\hack stuff\ue3framework\trunk\hooks\framework\Renders\CRender.h(193): error C2065: 'y' : undeclared identifier
     1>c:\users\domo\desktop\hack stuff\ue3framework\trunk\hooks\framework\Renders\CRender.h(193): error C2065: 'Color' : undeclared identifier
     1>c:\users\domo\desktop\hack stuff\ue3framework\trunk\hooks\framework\Renders\CRender.h(193): error C3861: 'DrawString': identifier not found
     1>c:\users\domo\desktop\hack stuff\ue3framework\trunk\hooks\framework\Renders\CRender.h(194): error C2065: 'pCanvas' : undeclared identifier
     1>c:\users\domo\desktop\hack stuff\ue3framework\trunk\hooks\framework\Renders\CRender.h(194): error C2065: 'x' : undeclared identifier
     1>c:\users\domo\desktop\hack stuff\ue3framework\trunk\hooks\framework\Renders\CRender.h(194): error C2065: 'y' : undeclared identifier
     1>c:\users\domo\desktop\hack stuff\ue3framework\trunk\hooks\framework\Renders\CRender.h(194): error C2065: 'Color' : undeclared identifier
     1>c:\users\domo\desktop\hack stuff\ue3framework\trunk\hooks\framework\Renders\CRender.h(194): error C3861: 'DrawString': identifier not found
     1>c:\users\domo\desktop\hack stuff\ue3framework\trunk\hooks\framework\Renders\CRender.h(195): error C2065: 'pCanvas' : undeclared identifier
     1>c:\users\domo\desktop\hack stuff\ue3framework\trunk\hooks\framework\Renders\CRender.h(195): error C2065: 'x' : undeclared identifier
     1>c:\users\domo\desktop\hack stuff\ue3framework\trunk\hooks\framework\Renders\CRender.h(195): error C2065: 'y' : undeclared identifier
     1>c:\users\domo\desktop\hack stuff\ue3framework\trunk\hooks\framework\Renders\CRender.h(195): error C2065: 'Color' : undeclared identifier
     1>c:\users\domo\desktop\hack stuff\ue3framework\trunk\hooks\framework\Renders\CRender.h(195): error C3861: 'DrawString': identifier not found
     1>c:\users\domo\desktop\hack stuff\ue3framework\trunk\hooks\framework\Renders\CRender.h(196): error C2065: 'pCanvas' : undeclared identifier
     1>c:\users\domo\desktop\hack stuff\ue3framework\trunk\hooks\framework\Renders\CRender.h(196): error C2065: 'x' : undeclared identifier
     1>c:\users\domo\desktop\hack stuff\ue3framework\trunk\hooks\framework\Renders\CRender.h(196): error C2065: 'y' : undeclared identifier
     1>c:\users\domo\desktop\hack stuff\ue3framework\trunk\hooks\framework\Renders\CRender.h(196): error C2065: 'Color' : undeclared identifier
     1>c:\users\domo\desktop\hack stuff\ue3framework\trunk\hooks\framework\Renders\CRender.h(196): error C3861: 'DrawString': identifier not found
     1>c:\users\domo\desktop\hack stuff\ue3framework\trunk\hooks\framework\Renders\CRender.h(197): error C2065: 'pCanvas' : undeclared identifier
     1>c:\users\domo\desktop\hack stuff\ue3framework\trunk\hooks\framework\Renders\CRender.h(197): error C2065: 'x' : undeclared identifier
     1>c:\users\domo\desktop\hack stuff\ue3framework\trunk\hooks\framework\Renders\CRender.h(197): error C2065: 'y' : undeclared identifier
     1>c:\users\domo\desktop\hack stuff\ue3framework\trunk\hooks\framework\Renders\CRender.h(197): error C2065: 'Color' : undeclared identifier
     1>c:\users\domo\desktop\hack stuff\ue3framework\trunk\hooks\framework\Renders\CRender.h(197): error C3861: 'DrawString': identifier not found
     1>c:\users\domo\desktop\hack stuff\ue3framework\trunk\hooks\framework\Renders\CRender.h(198): error C2065: 'pCanvas' : undeclared identifier
     1>c:\users\domo\desktop\hack stuff\ue3framework\trunk\hooks\framework\Renders\CRender.h(198): error C2065: 'x' : undeclared identifier
     1>c:\users\domo\desktop\hack stuff\ue3framework\trunk\hooks\framework\Renders\CRender.h(198): error C2065: 'y' : undeclared identifier
     1>c:\users\domo\desktop\hack stuff\ue3framework\trunk\hooks\framework\Renders\CRender.h(198): error C2065: 'Color' : undeclared identifier
     1>c:\users\domo\desktop\hack stuff\ue3framework\trunk\hooks\framework\Renders\CRender.h(198): error C3861: 'DrawString': identifier not found
     1>c:\users\domo\desktop\hack stuff\ue3framework\trunk\hooks\framework\Renders\CRender.h(203): error C2065: 'height' : undeclared identifier
     1>c:\users\domo\desktop\hack stuff\ue3framework\trunk\hooks\framework\Renders\CRender.h(205): error C2146: syntax error : missing ';' before identifier 'nColor'
     1>c:\users\domo\desktop\hack stuff\ue3framework\trunk\hooks\framework\Renders\CRender.h(205): error C2065: 'nColor' : undeclared identifier
     1>c:\users\domo\desktop\hack stuff\ue3framework\trunk\hooks\framework\Renders\CRender.h(205): fatal error C1003: error count exceeds 100; stopping compilation
     1>Done Building Project "C:\Users\domo\Desktop\Hack Stuff\ue3framework\trunk\Hooks\Tribes Ascend Hack\TAhook.vcxproj" (build target(s)) -- FAILED.

Build FAILED.

Time Elapsed 00:00:01.89
